2023.04.05 18:23:53 INFO  Started: Metals version 0.11.11 in workspace '\\wsl.localhost\Ubuntu-22.04\home\joel\ProjetScala' for client Visual Studio Code 1.76.0.
SLF4J: No SLF4J providers were found.
SLF4J: Defaulting to no-operation (NOP) logger implementation
SLF4J: See https://www.slf4j.org/codes.html#noProviders for further details.
SLF4J: Class path contains SLF4J bindings targeting slf4j-api versions 1.7.x or earlier.
SLF4J: Ignoring binding found at [jar:file:/C:/Users/User/AppData/Local/Coursier/cache/v1/https/repo1.maven.org/maven2/com/outr/scribe-slf4j_2.13/3.11.0/scribe-slf4j_2.13-3.11.0.jar!/org/slf4j/impl/StaticLoggerBinder.class]
SLF4J: See https://www.slf4j.org/codes.html#ignoredBindings for an explanation.
2023.04.05 18:23:53 WARN  resetting database: \\wsl.localhost\Ubuntu-22.04\home\joel\ProjetScala\.metals\metals.h2.db
2023.04.05 18:23:53 ERROR org.flywaydb.core.internal.exception.FlywaySqlException: Unable to obtain connection from database (jdbc:h2:file:\\wsl.localhost\Ubuntu-22.04\home\joel\ProjetScala\.metals\metals;AUTO_SERVER=TRUE) for user 'sa': Fonctionnalité non supportée: "AUTO_SERVER=TRUE && (readOnly || inMemory || FILE_LOCK=NO || FILE_LOCK=FS)"
Feature not supported: "AUTO_SERVER=TRUE && (readOnly || inMemory || FILE_LOCK=NO || FILE_LOCK=FS)" [50100-214]
-------------------------------------------------------------------------------------------------------------------------------------------------------------------------------------------------------------------------------------------------------------------------------------------------------------------------------------------------------------------------------------
SQL State  : HYC00
Error Code : 50100
Message    : Fonctionnalité non supportée: "AUTO_SERVER=TRUE && (readOnly || inMemory || FILE_LOCK=NO || FILE_LOCK=FS)"
Feature not supported: "AUTO_SERVER=TRUE && (readOnly || inMemory || FILE_LOCK=NO || FILE_LOCK=FS)" [50100-214]

	at org.flywaydb.core.internal.jdbc.JdbcUtils.openConnection(JdbcUtils.java:60)
	at org.flywaydb.core.internal.jdbc.JdbcConnectionFactory.<init>(JdbcConnectionFactory.java:74)
	at org.flywaydb.core.FlywayExecutor.execute(FlywayExecutor.java:140)
	at org.flywaydb.core.Flyway.clean(Flyway.java:214)
	at scala.meta.internal.metals.Tables.migrateOrRestart(Tables.scala:156)
	at scala.meta.internal.metals.Tables.tryUrl(Tables.scala:144)
	at scala.meta.internal.metals.Tables.persistentConnection(Tables.scala:138)
	at scala.meta.internal.metals.Tables.tryAutoServer(Tables.scala:81)
	at scala.meta.internal.metals.Tables.connect(Tables.scala:48)
	at scala.meta.internal.metals.Tables.connection(Tables.scala:74)
	at scala.meta.internal.metals.Tables.$anonfun$fingerprints$1(Tables.scala:39)
	at scala.meta.internal.metals.Fingerprints.load(Fingerprints.scala:52)
	at scala.meta.internal.metals.MetalsLspService.$anonfun$initialize$2(MetalsLspService.scala:860)
	at scala.concurrent.Future$.$anonfun$apply$1(Future.scala:678)
	at scala.concurrent.impl.Promise$Transformation.run(Promise.scala:467)
	at java.util.concurrent.ThreadPoolExecutor.runWorker(null)
	at java.util.concurrent.ThreadPoolExecutor$Worker.run(null)
	at java.lang.Thread.run(null)
Caused by: org.h2.jdbc.JdbcSQLFeatureNotSupportedException: Fonctionnalité non supportée: "AUTO_SERVER=TRUE && (readOnly || inMemory || FILE_LOCK=NO || FILE_LOCK=FS)"
Feature not supported: "AUTO_SERVER=TRUE && (readOnly || inMemory || FILE_LOCK=NO || FILE_LOCK=FS)" [50100-214]
	at org.h2.message.DbException.getJdbcSQLException(DbException.java:556)
	at org.h2.message.DbException.getJdbcSQLException(DbException.java:477)
	at org.h2.message.DbException.get(DbException.java:223)
	at org.h2.message.DbException.get(DbException.java:199)
	at org.h2.message.DbException.getUnsupportedException(DbException.java:287)
	at org.h2.engine.Database.<init>(Database.java:304)
	at org.h2.engine.Engine.openSession(Engine.java:92)
	at org.h2.engine.Engine.openSession(Engine.java:222)
	at org.h2.engine.Engine.createSession(Engine.java:201)
	at org.h2.engine.SessionRemote.connectEmbeddedOrServer(SessionRemote.java:338)
	at org.h2.jdbc.JdbcConnection.<init>(JdbcConnection.java:122)
	at org.h2.Driver.connect(Driver.java:59)
	at org.flywaydb.core.internal.jdbc.DriverDataSource.getConnectionFromDriver(DriverDataSource.java:258)
	at org.flywaydb.core.internal.jdbc.DriverDataSource.getConnection(DriverDataSource.java:223)
	at org.flywaydb.core.internal.jdbc.JdbcUtils.openConnection(JdbcUtils.java:48)
	at org.flywaydb.core.internal.jdbc.JdbcConnectionFactory.<init>(JdbcConnectionFactory.java:74)
	at org.flywaydb.core.FlywayExecutor.execute(FlywayExecutor.java:140)
	at org.flywaydb.core.Flyway.clean(Flyway.java:214)
	at scala.meta.internal.metals.Tables.migrateOrRestart(Tables.scala:156)
	at scala.meta.internal.metals.Tables.tryUrl(Tables.scala:144)
	at scala.meta.internal.metals.Tables.persistentConnection(Tables.scala:138)
	at scala.meta.internal.metals.Tables.tryAutoServer(Tables.scala:81)
	at scala.meta.internal.metals.Tables.connect(Tables.scala:48)
	at scala.meta.internal.metals.Tables.connection(Tables.scala:74)
	at scala.meta.internal.metals.Tables.$anonfun$fingerprints$1(Tables.scala:39)
	at scala.meta.internal.metals.Fingerprints.load(Fingerprints.scala:52)
	at scala.meta.internal.metals.MetalsLspService.$anonfun$initialize$2(MetalsLspService.scala:860)
	at scala.concurrent.Future$.$anonfun$apply$1(Future.scala:678)
	at scala.concurrent.impl.Promise$Transformation.run(Promise.scala:467)
	at java.util.concurrent.ThreadPoolExecutor.runWorker(null)
	at java.util.concurrent.ThreadPoolExecutor$Worker.run(null)
	at java.lang.Thread.run(null)

2023.04.05 18:23:53 WARN  resetting database: \\wsl.localhost\Ubuntu-22.04\home\joel\ProjetScala\.metals\metals.h2.db
2023.04.05 18:23:53 ERROR unable to setup persistent H2 database with AUTO_SERVER=false, falling back to in-memory database. This means you may be redundantly asked to execute 'Import build', even if it's not needed. Also, code navigation will not work for existing files in the .metals/readonly/ directory. To fix this problem, make sure you only have one running Metals server in the directory '\\wsl.localhost\Ubuntu-22.04\home\joel\ProjetScala'.
org.flywaydb.core.internal.exception.FlywaySqlException: Unable to obtain connection from database (jdbc:h2:file:\\wsl.localhost\Ubuntu-22.04\home\joel\ProjetScala\.metals\metals;AUTO_SERVER=TRUE) for user 'sa': Fonctionnalité non supportée: "AUTO_SERVER=TRUE && (readOnly || inMemory || FILE_LOCK=NO || FILE_LOCK=FS)"
Feature not supported: "AUTO_SERVER=TRUE && (readOnly || inMemory || FILE_LOCK=NO || FILE_LOCK=FS)" [50100-214]
-------------------------------------------------------------------------------------------------------------------------------------------------------------------------------------------------------------------------------------------------------------------------------------------------------------------------------------------------------------------------------------
SQL State  : HYC00
Error Code : 50100
Message    : Fonctionnalité non supportée: "AUTO_SERVER=TRUE && (readOnly || inMemory || FILE_LOCK=NO || FILE_LOCK=FS)"
Feature not supported: "AUTO_SERVER=TRUE && (readOnly || inMemory || FILE_LOCK=NO || FILE_LOCK=FS)" [50100-214]

	at org.flywaydb.core.internal.jdbc.JdbcUtils.openConnection(JdbcUtils.java:60)
	at org.flywaydb.core.internal.jdbc.JdbcConnectionFactory.<init>(JdbcConnectionFactory.java:74)
	at org.flywaydb.core.FlywayExecutor.execute(FlywayExecutor.java:140)
	at org.flywaydb.core.Flyway.clean(Flyway.java:214)
	at scala.meta.internal.metals.Tables.migrateOrRestart(Tables.scala:156)
	at scala.meta.internal.metals.Tables.tryUrl(Tables.scala:144)
	at scala.meta.internal.metals.Tables.persistentConnection(Tables.scala:138)
	at scala.meta.internal.metals.Tables.tryNoAutoServer(Tables.scala:98)
	at scala.meta.internal.metals.Tables.tryAutoServer(Tables.scala:92)
	at scala.meta.internal.metals.Tables.connect(Tables.scala:48)
	at scala.meta.internal.metals.Tables.connection(Tables.scala:74)
	at scala.meta.internal.metals.Tables.$anonfun$fingerprints$1(Tables.scala:39)
	at scala.meta.internal.metals.Fingerprints.load(Fingerprints.scala:52)
	at scala.meta.internal.metals.MetalsLspService.$anonfun$initialize$2(MetalsLspService.scala:860)
	at scala.concurrent.Future$.$anonfun$apply$1(Future.scala:678)
	at scala.concurrent.impl.Promise$Transformation.run(Promise.scala:467)
	at java.util.concurrent.ThreadPoolExecutor.runWorker(null)
	at java.util.concurrent.ThreadPoolExecutor$Worker.run(null)
	at java.lang.Thread.run(null)
Caused by: org.h2.jdbc.JdbcSQLFeatureNotSupportedException: Fonctionnalité non supportée: "AUTO_SERVER=TRUE && (readOnly || inMemory || FILE_LOCK=NO || FILE_LOCK=FS)"
Feature not supported: "AUTO_SERVER=TRUE && (readOnly || inMemory || FILE_LOCK=NO || FILE_LOCK=FS)" [50100-214]
	at org.h2.message.DbException.getJdbcSQLException(DbException.java:556)
	at org.h2.message.DbException.getJdbcSQLException(DbException.java:477)
	at org.h2.message.DbException.get(DbException.java:223)
	at org.h2.message.DbException.get(DbException.java:199)
	at org.h2.message.DbException.getUnsupportedException(DbException.java:287)
	at org.h2.engine.Database.<init>(Database.java:304)
	at org.h2.engine.Engine.openSession(Engine.java:92)
	at org.h2.engine.Engine.openSession(Engine.java:222)
	at org.h2.engine.Engine.createSession(Engine.java:201)
	at org.h2.engine.SessionRemote.connectEmbeddedOrServer(SessionRemote.java:338)
	at org.h2.jdbc.JdbcConnection.<init>(JdbcConnection.java:122)
	at org.h2.Driver.connect(Driver.java:59)
	at org.flywaydb.core.internal.jdbc.DriverDataSource.getConnectionFromDriver(DriverDataSource.java:258)
	at org.flywaydb.core.internal.jdbc.DriverDataSource.getConnection(DriverDataSource.java:223)
	at org.flywaydb.core.internal.jdbc.JdbcUtils.openConnection(JdbcUtils.java:48)
	at org.flywaydb.core.internal.jdbc.JdbcConnectionFactory.<init>(JdbcConnectionFactory.java:74)
	at org.flywaydb.core.FlywayExecutor.execute(FlywayExecutor.java:140)
	at org.flywaydb.core.Flyway.clean(Flyway.java:214)
	at scala.meta.internal.metals.Tables.migrateOrRestart(Tables.scala:156)
	at scala.meta.internal.metals.Tables.tryUrl(Tables.scala:144)
	at scala.meta.internal.metals.Tables.persistentConnection(Tables.scala:138)
	at scala.meta.internal.metals.Tables.tryNoAutoServer(Tables.scala:98)
	at scala.meta.internal.metals.Tables.tryAutoServer(Tables.scala:92)
	at scala.meta.internal.metals.Tables.connect(Tables.scala:48)
	at scala.meta.internal.metals.Tables.connection(Tables.scala:74)
	at scala.meta.internal.metals.Tables.$anonfun$fingerprints$1(Tables.scala:39)
	at scala.meta.internal.metals.Fingerprints.load(Fingerprints.scala:52)
	at scala.meta.internal.metals.MetalsLspService.$anonfun$initialize$2(MetalsLspService.scala:860)
	at scala.concurrent.Future$.$anonfun$apply$1(Future.scala:678)
	at scala.concurrent.impl.Promise$Transformation.run(Promise.scala:467)
	at java.util.concurrent.ThreadPoolExecutor.runWorker(null)
	at java.util.concurrent.ThreadPoolExecutor$Worker.run(null)
	at java.lang.Thread.run(null)

2023.04.05 18:23:53 INFO  time: initialize in 0.49s
2023.04.05 18:23:55 WARN  Build server is not auto-connectable.
2023.04.05 18:23:55 WARN  no build target for: \\wsl.localhost\Ubuntu-22.04\home\joel\ProjetScala\src\main\scala\Main.scala
Apr 05, 2023 6:23:57 PM org.eclipse.lsp4j.jsonrpc.RemoteEndpoint handleCancellation
AVERTISSEMENT: Unmatched cancel notification for request id 1
Apr 05, 2023 6:23:58 PM org.eclipse.lsp4j.jsonrpc.RemoteEndpoint handleCancellation
AVERTISSEMENT: Unmatched cancel notification for request id 2
2023.04.05 18:24:10 INFO  no build target found for \\wsl.localhost\Ubuntu-22.04\home\joel\ProjetScala\src\main\scala\Main.scala. Using presentation compiler with project's scala-library version: 3.2.2
2023.04.05 18:24:12 INFO  time: code lens generation in 14s
2023.04.05 18:30:00 WARN  no build target for: \\wsl.localhost\Ubuntu-22.04\home\joel\ProjetScala\src\main\scala\CountingSort.scala
2023.04.05 18:30:00 WARN  no build target for: \\wsl.localhost\Ubuntu-22.04\home\joel\ProjetScala\src\main\scala\countRDD.scala
2023.04.05 18:30:00 WARN  no build target for: \\wsl.localhost\Ubuntu-22.04\home\joel\ProjetScala\src\main\scala\Main.scala
2023.04.05 18:30:14 WARN  no build target for: \\wsl.localhost\Ubuntu-22.04\home\joel\ProjetScala\src\main\scala\countRDD.scala
2023.04.05 18:30:20 WARN  no build target for: \\wsl.localhost\Ubuntu-22.04\home\joel\ProjetScala\src\main\scala\countRDD.scala
Apr 05, 2023 6:34:20 PM org.eclipse.lsp4j.jsonrpc.RemoteEndpoint handleCancellation
AVERTISSEMENT: Unmatched cancel notification for request id 48
Apr 05, 2023 6:34:30 PM org.eclipse.lsp4j.jsonrpc.RemoteEndpoint handleCancellation
AVERTISSEMENT: Unmatched cancel notification for request id 52
Apr 05, 2023 6:34:30 PM org.eclipse.lsp4j.jsonrpc.RemoteEndpoint handleCancellation
AVERTISSEMENT: Unmatched cancel notification for request id 55
Apr 05, 2023 6:34:44 PM org.eclipse.lsp4j.jsonrpc.RemoteEndpoint handleCancellation
AVERTISSEMENT: Unmatched cancel notification for request id 75
Apr 05, 2023 6:34:47 PM org.eclipse.lsp4j.jsonrpc.RemoteEndpoint handleCancellation
AVERTISSEMENT: Unmatched cancel notification for request id 82
2023.04.05 18:35:03 WARN  no build target for: \\wsl.localhost\Ubuntu-22.04\home\joel\ProjetScala\src\main\scala\countRDD.scala
2023.04.05 18:35:03 WARN  no build target for: \\wsl.localhost\Ubuntu-22.04\home\joel\ProjetScala\src\main\scala\CountingSort.scala
Apr 05, 2023 6:35:04 PM org.eclipse.lsp4j.jsonrpc.RemoteEndpoint handleCancellation
AVERTISSEMENT: Unmatched cancel notification for request id 86
Apr 05, 2023 6:35:04 PM org.eclipse.lsp4j.jsonrpc.RemoteEndpoint handleCancellation
AVERTISSEMENT: Unmatched cancel notification for request id 90
2023.04.05 18:35:37 INFO  time: code lens generation in 1.81s
2023.04.05 18:36:11 WARN  no build target for: \\wsl.localhost\Ubuntu-22.04\home\joel\ProjetScala\src\main\scala\Main.scala
2023.04.05 18:38:35 WARN  no build target for: \\wsl.localhost\Ubuntu-22.04\home\joel\ProjetScala\src\main\scala\Main.scala
2023.04.05 18:40:32 WARN  no build target for: \\wsl.localhost\Ubuntu-22.04\home\joel\ProjetScala\build.sbt
2023.04.05 18:41:44 WARN  Using indexes to guess the definition of radixSort
2023.04.05 18:41:44 WARN  Using indexes to guess the definition of radixSort
2023.04.05 18:41:47 WARN  no build target for: \\wsl.localhost\Ubuntu-22.04\home\joel\ProjetScala\src\main\scala\countRDD.scala
Exception in thread "pool-3-thread-1" java.lang.InterruptedException
	at scala.meta.internal.metals.FutureCancelToken.checkCanceled(FutureCancelToken.scala:29)
	at scala.meta.internal.pc.CompilerAccess.onCompilerJobQueue$$anonfun$1(CompilerAccess.scala:195)
	at scala.meta.internal.pc.CompilerJobQueue$Job.run(CompilerJobQueue.scala:152)
	at java.base/java.util.concurrent.ThreadPoolExecutor.runWorker(Unknown Source)
	at java.base/java.util.concurrent.ThreadPoolExecutor$Worker.run(Unknown Source)
	at java.base/java.lang.Thread.run(Unknown Source)
Exception in thread "pool-3-thread-2" java.lang.InterruptedException
	at scala.meta.internal.metals.FutureCancelToken.checkCanceled(FutureCancelToken.scala:29)
	at scala.meta.internal.pc.CompilerAccess.onCompilerJobQueue$$anonfun$1(CompilerAccess.scala:195)
	at scala.meta.internal.pc.CompilerJobQueue$Job.run(CompilerJobQueue.scala:152)
	at java.base/java.util.concurrent.ThreadPoolExecutor.runWorker(Unknown Source)
	at java.base/java.util.concurrent.ThreadPoolExecutor$Worker.run(Unknown Source)
	at java.base/java.lang.Thread.run(Unknown Source)
Apr 05, 2023 6:47:03 PM org.eclipse.lsp4j.jsonrpc.RemoteEndpoint handleCancellation
AVERTISSEMENT: Unmatched cancel notification for request id 361
2023.04.05 18:47:05 WARN  no build target for: \\wsl.localhost\Ubuntu-22.04\home\joel\ProjetScala\src\main\scala\countRDD.scala
